<?xml version="1.0" encoding="UTF-8"?>
<testng-results skipped="0" failed="1" ignored="0" total="2" passed="1">
  <reporter-output>
  </reporter-output>
  <suite name="Default suite" duration-ms="26" started-at="2020-04-13T19:43:45Z" finished-at="2020-04-13T19:43:45Z">
    <groups>
    </groups>
    <test name="Default test" duration-ms="26" started-at="2020-04-13T19:43:45Z" finished-at="2020-04-13T19:43:45Z">
      <class name="testngFiles.TestBase">
        <test-method status="FAIL" signature="Login()[pri:0, instance:testngFiles.TestBase@17579e0f]" name="Login" duration-ms="7" started-at="2020-04-13T19:43:45Z" finished-at="2020-04-13T19:43:45Z">
          <exception class="java.io.FileNotFoundException">
            <message>
              <![CDATA[C:\Users\Enthuons-Testing\workspace\Testng_ude\src\testngFiles\datadriven.properties (The system cannot find the path specified)]]>
            </message>
            <full-stacktrace>
              <![CDATA[java.io.FileNotFoundException: C:\Users\Enthuons-Testing\workspace\Testng_ude\src\testngFiles\datadriven.properties (The system cannot find the path specified)
at java.io.FileInputStream.open0(Native Method)
at java.io.FileInputStream.open(FileInputStream.java:195)
at java.io.FileInputStream.<init>(FileInputStream.java:138)
at java.io.FileInputStream.<init>(FileInputStream.java:93)
at testngFiles.TestBase.Login(TestBase.java:19)
at sun.reflect.NativeMethodAccessorImpl.invoke0(Native Method)
at sun.reflect.NativeMethodAccessorImpl.invoke(NativeMethodAccessorImpl.java:62)
at sun.reflect.DelegatingMethodAccessorImpl.invoke(DelegatingMethodAccessorImpl.java:43)
at java.lang.reflect.Method.invoke(Method.java:498)
at org.testng.internal.MethodInvocationHelper.invokeMethod(MethodInvocationHelper.java:124)
at org.testng.internal.Invoker.invokeMethod(Invoker.java:583)
at org.testng.internal.Invoker.invokeTestMethod(Invoker.java:719)
at org.testng.internal.Invoker.invokeTestMethods(Invoker.java:989)
at org.testng.internal.TestMethodWorker.invokeTestMethods(TestMethodWorker.java:125)
at org.testng.internal.TestMethodWorker.run(TestMethodWorker.java:109)
at org.testng.TestRunner.privateRun(TestRunner.java:648)
at org.testng.TestRunner.run(TestRunner.java:505)
at org.testng.SuiteRunner.runTest(SuiteRunner.java:455)
at org.testng.SuiteRunner.runSequentially(SuiteRunner.java:450)
at org.testng.SuiteRunner.privateRun(SuiteRunner.java:415)
at org.testng.SuiteRunner.run(SuiteRunner.java:364)
at org.testng.SuiteRunnerWorker.runSuite(SuiteRunnerWorker.java:52)
at org.testng.SuiteRunnerWorker.run(SuiteRunnerWorker.java:84)
at org.testng.TestNG.runSuitesSequentially(TestNG.java:1208)
at org.testng.TestNG.runSuitesLocally(TestNG.java:1137)
at org.testng.TestNG.runSuites(TestNG.java:1049)
at org.testng.TestNG.run(TestNG.java:1017)
at org.testng.remote.AbstractRemoteTestNG.run(AbstractRemoteTestNG.java:114)
at org.testng.remote.RemoteTestNG.initAndRun(RemoteTestNG.java:251)
at org.testng.remote.RemoteTestNG.main(RemoteTestNG.java:77)
]]>
            </full-stacktrace>
          </exception> <!-- java.io.FileNotFoundException -->
          <reporter-output>
          </reporter-output>
        </test-method> <!-- Login -->
        <test-method status="PASS" signature="software()[pri:0, instance:testngFiles.TestBase@17579e0f]" name="software" duration-ms="0" started-at="2020-04-13T19:43:45Z" finished-at="2020-04-13T19:43:45Z">
          <reporter-output>
          </reporter-output>
        </test-method> <!-- software -->
        <test-method status="PASS" signature="deinstallsoftware()[pri:0, instance:testngFiles.TestBase@17579e0f]" name="deinstallsoftware" is-config="true" duration-ms="1" started-at="2020-04-13T19:43:45Z" finished-at="2020-04-13T19:43:45Z">
          <reporter-output>
          </reporter-output>
        </test-method> <!-- deinstallsoftware -->
      </class> <!-- testngFiles.TestBase -->
    </test> <!-- Default test -->
  </suite> <!-- Default suite -->
</testng-results>
